<?xml version="1.0" encoding="UTF-8"?>
<!-- Generated by org.testng.reporters.JUnitXMLReporter -->
<testsuite ignored="0" hostname="DESKTOP-PN8R175" failures="0" tests="2" name="Default test" time="7.487" errors="0" timestamp="2022-06-04T21:44:38 EDT">
  <testcase classname="com.ToolsQa.Qa.Tests.ToolsQAElementPageTest" name="ElementClickTest" time="1.497"/>
  <testcase classname="com.ToolsQa.Qa.Tests.ToolsQAElementPageTest" name="ElementTextBoxTest" time="0.594"/>
</testsuite> <!-- Default test -->
