<?xml version="1.0" encoding="UTF-8"?>
<testng-results ignored="0" total="2" passed="2" failed="0" skipped="0">
  <reporter-output>
  </reporter-output>
  <suite started-at="2022-06-04T21:44:30 EDT" name="Default suite" finished-at="2022-06-04T21:44:38 EDT" duration-ms="7487">
    <groups>
    </groups>
    <test started-at="2022-06-04T21:44:30 EDT" name="Default test" finished-at="2022-06-04T21:44:38 EDT" duration-ms="7487">
      <class name="com.ToolsQa.Qa.Tests.ToolsQAElementPageTest">
        <test-method is-config="true" signature="SetUp()[pri:0, instance:com.ToolsQa.Qa.Tests.ToolsQAElementPageTest@6050462a]" started-at="2022-06-04T21:44:30 EDT" name="SetUp" finished-at="2022-06-04T21:44:35 EDT" duration-ms="4986" status="PASS">
          <reporter-output>
          </reporter-output>
        </test-method> <!-- SetUp -->
        <test-method signature="ElementClickTest()[pri:1, instance:com.ToolsQa.Qa.Tests.ToolsQAElementPageTest@6050462a]" started-at="2022-06-04T21:44:36 EDT" name="ElementClickTest" finished-at="2022-06-04T21:44:37 EDT" duration-ms="1497" status="PASS">
          <reporter-output>
          </reporter-output>
        </test-method> <!-- ElementClickTest -->
        <test-method is-config="true" signature="EndOfMethod()[pri:0, instance:com.ToolsQa.Qa.Tests.ToolsQAElementPageTest@6050462a]" started-at="2022-06-04T21:44:37 EDT" name="EndOfMethod" finished-at="2022-06-04T21:44:37 EDT" duration-ms="1" status="PASS">
          <reporter-output>
          </reporter-output>
        </test-method> <!-- EndOfMethod -->
        <test-method signature="ElementTextBoxTest()[pri:2, instance:com.ToolsQa.Qa.Tests.ToolsQAElementPageTest@6050462a]" started-at="2022-06-04T21:44:37 EDT" name="ElementTextBoxTest" finished-at="2022-06-04T21:44:38 EDT" duration-ms="594" status="PASS">
          <reporter-output>
          </reporter-output>
        </test-method> <!-- ElementTextBoxTest -->
        <test-method is-config="true" signature="EndOfMethod()[pri:0, instance:com.ToolsQa.Qa.Tests.ToolsQAElementPageTest@6050462a]" started-at="2022-06-04T21:44:38 EDT" name="EndOfMethod" finished-at="2022-06-04T21:44:38 EDT" duration-ms="0" status="PASS">
          <reporter-output>
          </reporter-output>
        </test-method> <!-- EndOfMethod -->
        <test-method is-config="true" signature="closing()[pri:0, instance:com.ToolsQa.Qa.Tests.ToolsQAElementPageTest@6050462a]" started-at="2022-06-04T21:44:38 EDT" name="closing" finished-at="2022-06-04T21:44:38 EDT" duration-ms="219" status="PASS">
          <reporter-output>
          </reporter-output>
        </test-method> <!-- closing -->
      </class> <!-- com.ToolsQa.Qa.Tests.ToolsQAElementPageTest -->
    </test> <!-- Default test -->
  </suite> <!-- Default suite -->
</testng-results>
